<?xml version="1.0" encoding="UTF-8"?>
<testng-results skipped="0" failed="0" ignored="0" total="1" passed="1">
  <reporter-output>
  </reporter-output>
  <suite name="Default suite" duration-ms="17909" started-at="2018-09-28T11:14:22Z" finished-at="2018-09-28T11:14:40Z">
    <groups>
    </groups>
    <test name="Default test" duration-ms="17909" started-at="2018-09-28T11:14:22Z" finished-at="2018-09-28T11:14:40Z">
      <class name="smoke.SmokeTest">
        <test-method status="PASS" signature="init()[pri:0, instance:smoke.SmokeTest@11438d26]" name="init" is-config="true" duration-ms="2818" started-at="2018-09-28T11:14:22Z" finished-at="2018-09-28T11:14:25Z">
          <reporter-output>
          </reporter-output>
        </test-method> <!-- init -->
        <test-method status="PASS" signature="homePageTest()[pri:0, instance:smoke.SmokeTest@11438d26]" name="homePageTest" duration-ms="15005" started-at="2018-09-28T11:14:25Z" finished-at="2018-09-28T11:14:40Z">
          <reporter-output>
          </reporter-output>
        </test-method> <!-- homePageTest -->
        <test-method status="PASS" signature="destroyAll()[pri:0, instance:smoke.SmokeTest@11438d26]" name="destroyAll" is-config="true" duration-ms="50" started-at="2018-09-28T11:14:40Z" finished-at="2018-09-28T11:14:40Z">
          <reporter-output>
          </reporter-output>
        </test-method> <!-- destroyAll -->
      </class> <!-- smoke.SmokeTest -->
    </test> <!-- Default test -->
  </suite> <!-- Default suite -->
</testng-results>
